2022-07-18 19:48:48 - root - INFO - SUCCESS: file ./data/bank_data.csv loaded successfully
2022-07-18 19:48:48 - root - INFO - Testing import_data: SUCCESS
2022-07-18 19:48:48 - root - INFO - SUCCESS: file ./data/bank_data.csv loaded successfully
2022-07-18 19:48:49 - root - INFO - SUCCESS: Figures saved to images folder.
2022-07-18 19:48:49 - root - INFO - SUCCESS: qualitative and quantitative columns exists in the                 DF variable.
2022-07-18 19:48:49 - root - INFO - Testing perform_eda: SUCESSS
2022-07-18 19:48:49 - root - INFO - File churn_distribution.png was found
2022-07-18 19:48:49 - root - INFO - File customer_age_distribution.png was found
2022-07-18 19:48:49 - root - INFO - File marital_status_distribution.png was found
2022-07-18 19:48:49 - root - INFO - File total_transaction_distribution.png was found
2022-07-18 19:48:49 - root - INFO - File heatmap.png was found
2022-07-18 19:48:49 - root - INFO - SUCCESS: file ./data/bank_data.csv loaded successfully
2022-07-18 19:48:49 - root - INFO - SUCCESS: Categorical data transformation finished.
2022-07-18 19:48:49 - root - INFO - Testing encoder_helper(data_frame, category_lst=[]): SUCCESS
2022-07-18 19:48:50 - root - INFO - SUCCESS: Categorical data transformation finished.
2022-07-18 19:48:50 - root - INFO - Testing encoder_helper(data_frame, category_lst=cat_columns, response=None): SUCCESS
2022-07-18 19:48:50 - root - INFO - SUCCESS: Categorical data transformation finished.
2022-07-18 19:48:50 - root - INFO - Testing encoder_helper(data_frame, category_lst=cat_columns, response='Churn'): SUCCESS
2022-07-18 19:48:50 - root - INFO - SUCCESS: file ./data/bank_data.csv loaded successfully
2022-07-18 19:48:50 - root - INFO - INFO: Splitting data into train and test (70%, 30%).
2022-07-18 19:48:51 - root - INFO - SUCCESS: Categorical data transformation finished.
2022-07-18 19:48:51 - root - INFO - SUCCESS: Data splitting finished.
2022-07-18 19:48:51 - root - INFO - INFO: X_train size (7088, 19).
2022-07-18 19:48:51 - root - INFO - INFO: X_test size  (3039, 19).
2022-07-18 19:48:51 - root - INFO - INFO: Y_train size (7088,).
2022-07-18 19:48:51 - root - INFO - INFO: Y_test size  (3039,).
2022-07-18 19:48:51 - root - INFO - Testing perform_feature_engineering. `Churn` column is present: SUCCESS
2022-07-18 19:48:51 - root - INFO - Testing perform_feature_engineering. DataFrame sizes are consistent: SUCCESS
2022-07-18 19:48:51 - root - INFO - SUCCESS: file ./data/bank_data.csv loaded successfully
2022-07-18 19:48:51 - root - INFO - INFO: Splitting data into train and test (70%, 30%).
2022-07-18 19:48:51 - root - INFO - SUCCESS: Categorical data transformation finished.
2022-07-18 19:48:51 - root - INFO - SUCCESS: Data splitting finished.
2022-07-18 19:48:51 - root - INFO - INFO: X_train size (7088, 19).
2022-07-18 19:48:51 - root - INFO - INFO: X_test size  (3039, 19).
2022-07-18 19:48:51 - root - INFO - INFO: Y_train size (7088,).
2022-07-18 19:48:51 - root - INFO - INFO: Y_test size  (3039,).
2022-07-18 19:51:38 - root - INFO - SUCCESS: Classification report finished.
2022-07-18 19:51:38 - root - INFO - SUCCESS: feature importance plot finished.
2022-07-18 19:51:38 - root - INFO - SUCCESS: Train models finished.
2022-07-18 19:51:38 - root - INFO - File logistic_model.pkl was found
2022-07-18 19:51:38 - root - INFO - File rfc_model.pkl was found
2022-07-18 19:51:38 - root - INFO - File roc_curve_result.png was found
2022-07-18 19:51:38 - root - INFO - File rf_results.png was found
2022-07-18 19:51:38 - root - INFO - File logistic_results.png was found
2022-07-18 19:51:38 - root - INFO - File feature_importances.png was found
